running egg_info
creating ../build/python_parameters/python_parameters.egg-info
writing ../build/python_parameters/python_parameters.egg-info/PKG-INFO
writing dependency_links to ../build/python_parameters/python_parameters.egg-info/dependency_links.txt
writing entry points to ../build/python_parameters/python_parameters.egg-info/entry_points.txt
writing requirements to ../build/python_parameters/python_parameters.egg-info/requires.txt
writing top-level names to ../build/python_parameters/python_parameters.egg-info/top_level.txt
writing manifest file '../build/python_parameters/python_parameters.egg-info/SOURCES.txt'
reading manifest file '../build/python_parameters/python_parameters.egg-info/SOURCES.txt'
writing manifest file '../build/python_parameters/python_parameters.egg-info/SOURCES.txt'
running build
running build_py
creating /home/hamza/ros2_ws/src/build/python_parameters/build
creating /home/hamza/ros2_ws/src/build/python_parameters/build/lib
creating /home/hamza/ros2_ws/src/build/python_parameters/build/lib/python_parameters
copying python_parameters/python_parameters_node.py -> /home/hamza/ros2_ws/src/build/python_parameters/build/lib/python_parameters
copying python_parameters/__init__.py -> /home/hamza/ros2_ws/src/build/python_parameters/build/lib/python_parameters
running install
running install_lib
creating /home/hamza/ros2_ws/src/install/python_parameters/lib/python3.8/site-packages/python_parameters
copying /home/hamza/ros2_ws/src/build/python_parameters/build/lib/python_parameters/python_parameters_node.py -> /home/hamza/ros2_ws/src/install/python_parameters/lib/python3.8/site-packages/python_parameters
copying /home/hamza/ros2_ws/src/build/python_parameters/build/lib/python_parameters/__init__.py -> /home/hamza/ros2_ws/src/install/python_parameters/lib/python3.8/site-packages/python_parameters
byte-compiling /home/hamza/ros2_ws/src/install/python_parameters/lib/python3.8/site-packages/python_parameters/python_parameters_node.py to python_parameters_node.cpython-38.pyc
byte-compiling /home/hamza/ros2_ws/src/install/python_parameters/lib/python3.8/site-packages/python_parameters/__init__.py to __init__.cpython-38.pyc
running install_data
creating /home/hamza/ros2_ws/src/install/python_parameters/share/ament_index
creating /home/hamza/ros2_ws/src/install/python_parameters/share/ament_index/resource_index
creating /home/hamza/ros2_ws/src/install/python_parameters/share/ament_index/resource_index/packages
copying resource/python_parameters -> /home/hamza/ros2_ws/src/install/python_parameters/share/ament_index/resource_index/packages
copying package.xml -> /home/hamza/ros2_ws/src/install/python_parameters/share/python_parameters
running install_egg_info
Copying ../build/python_parameters/python_parameters.egg-info to /home/hamza/ros2_ws/src/install/python_parameters/lib/python3.8/site-packages/python_parameters-0.0.0-py3.8.egg-info
running install_scripts
Installing minimal_param_node script to /home/hamza/ros2_ws/src/install/python_parameters/lib/python_parameters
writing list of installed files to '/home/hamza/ros2_ws/src/build/python_parameters/install.log'
