[0.689s] Invoking command in '/home/hamza/ros2_ws/src/python_parameters': PYTHONPATH=/home/hamza/ros2_ws/src/build/python_parameters/prefix_override:/home/hamza/ros2_ws/src/install/python_parameters/lib/python3.8/site-packages:${PYTHONPATH} /usr/bin/python3 setup.py egg_info --egg-base ../build/python_parameters build --build-base /home/hamza/ros2_ws/src/build/python_parameters/build install --record /home/hamza/ros2_ws/src/build/python_parameters/install.log --install-scripts $base/lib/python_parameters --single-version-externally-managed
[0.938s] running egg_info
[0.939s] creating ../build/python_parameters/python_parameters.egg-info
[0.939s] writing ../build/python_parameters/python_parameters.egg-info/PKG-INFO
[0.939s] writing dependency_links to ../build/python_parameters/python_parameters.egg-info/dependency_links.txt
[0.940s] writing entry points to ../build/python_parameters/python_parameters.egg-info/entry_points.txt
[0.940s] writing requirements to ../build/python_parameters/python_parameters.egg-info/requires.txt
[0.940s] writing top-level names to ../build/python_parameters/python_parameters.egg-info/top_level.txt
[0.942s] writing manifest file '../build/python_parameters/python_parameters.egg-info/SOURCES.txt'
[0.979s] reading manifest file '../build/python_parameters/python_parameters.egg-info/SOURCES.txt'
[0.980s] writing manifest file '../build/python_parameters/python_parameters.egg-info/SOURCES.txt'
[0.980s] running build
[0.980s] running build_py
[0.981s] creating /home/hamza/ros2_ws/src/build/python_parameters/build
[0.981s] creating /home/hamza/ros2_ws/src/build/python_parameters/build/lib
[0.981s] creating /home/hamza/ros2_ws/src/build/python_parameters/build/lib/python_parameters
[0.981s] copying python_parameters/python_parameters_node.py -> /home/hamza/ros2_ws/src/build/python_parameters/build/lib/python_parameters
[0.981s] copying python_parameters/__init__.py -> /home/hamza/ros2_ws/src/build/python_parameters/build/lib/python_parameters
[0.981s] running install
[0.982s] running install_lib
[0.983s] creating /home/hamza/ros2_ws/src/install/python_parameters/lib/python3.8/site-packages/python_parameters
[0.983s] copying /home/hamza/ros2_ws/src/build/python_parameters/build/lib/python_parameters/python_parameters_node.py -> /home/hamza/ros2_ws/src/install/python_parameters/lib/python3.8/site-packages/python_parameters
[0.983s] copying /home/hamza/ros2_ws/src/build/python_parameters/build/lib/python_parameters/__init__.py -> /home/hamza/ros2_ws/src/install/python_parameters/lib/python3.8/site-packages/python_parameters
[0.984s] byte-compiling /home/hamza/ros2_ws/src/install/python_parameters/lib/python3.8/site-packages/python_parameters/python_parameters_node.py to python_parameters_node.cpython-38.pyc
[0.985s] byte-compiling /home/hamza/ros2_ws/src/install/python_parameters/lib/python3.8/site-packages/python_parameters/__init__.py to __init__.cpython-38.pyc
[0.985s] running install_data
[0.986s] creating /home/hamza/ros2_ws/src/install/python_parameters/share/ament_index
[0.986s] creating /home/hamza/ros2_ws/src/install/python_parameters/share/ament_index/resource_index
[0.986s] creating /home/hamza/ros2_ws/src/install/python_parameters/share/ament_index/resource_index/packages
[0.987s] copying resource/python_parameters -> /home/hamza/ros2_ws/src/install/python_parameters/share/ament_index/resource_index/packages
[0.987s] copying package.xml -> /home/hamza/ros2_ws/src/install/python_parameters/share/python_parameters
[0.987s] running install_egg_info
[0.988s] Copying ../build/python_parameters/python_parameters.egg-info to /home/hamza/ros2_ws/src/install/python_parameters/lib/python3.8/site-packages/python_parameters-0.0.0-py3.8.egg-info
[0.989s] running install_scripts
[1.011s] Installing minimal_param_node script to /home/hamza/ros2_ws/src/install/python_parameters/lib/python_parameters
[1.012s] writing list of installed files to '/home/hamza/ros2_ws/src/build/python_parameters/install.log'
[1.036s] Invoked command in '/home/hamza/ros2_ws/src/python_parameters' returned '0': PYTHONPATH=/home/hamza/ros2_ws/src/build/python_parameters/prefix_override:/home/hamza/ros2_ws/src/install/python_parameters/lib/python3.8/site-packages:${PYTHONPATH} /usr/bin/python3 setup.py egg_info --egg-base ../build/python_parameters build --build-base /home/hamza/ros2_ws/src/build/python_parameters/build install --record /home/hamza/ros2_ws/src/build/python_parameters/install.log --install-scripts $base/lib/python_parameters --single-version-externally-managed
