running egg_info
writing ../build/python_parameters/python_parameters.egg-info/PKG-INFO
writing dependency_links to ../build/python_parameters/python_parameters.egg-info/dependency_links.txt
writing entry points to ../build/python_parameters/python_parameters.egg-info/entry_points.txt
writing requirements to ../build/python_parameters/python_parameters.egg-info/requires.txt
writing top-level names to ../build/python_parameters/python_parameters.egg-info/top_level.txt
reading manifest file '../build/python_parameters/python_parameters.egg-info/SOURCES.txt'
writing manifest file '../build/python_parameters/python_parameters.egg-info/SOURCES.txt'
running build
running build_py
running install
running install_lib
running install_data
copying launch/python_parameters_launch.py -> /home/hamza/ros2_ws/src/install/python_parameters/share/python_parameters
running install_egg_info
removing '/home/hamza/ros2_ws/src/install/python_parameters/lib/python3.8/site-packages/python_parameters-0.0.0-py3.8.egg-info' (and everything under it)
Copying ../build/python_parameters/python_parameters.egg-info to /home/hamza/ros2_ws/src/install/python_parameters/lib/python3.8/site-packages/python_parameters-0.0.0-py3.8.egg-info
running install_scripts
Installing minimal_param_node script to /home/hamza/ros2_ws/src/install/python_parameters/lib/python_parameters
writing list of installed files to '/home/hamza/ros2_ws/src/build/python_parameters/install.log'
