running egg_info
creating ../build/robotique/robotique.egg-info
writing ../build/robotique/robotique.egg-info/PKG-INFO
writing dependency_links to ../build/robotique/robotique.egg-info/dependency_links.txt
writing entry points to ../build/robotique/robotique.egg-info/entry_points.txt
writing requirements to ../build/robotique/robotique.egg-info/requires.txt
writing top-level names to ../build/robotique/robotique.egg-info/top_level.txt
writing manifest file '../build/robotique/robotique.egg-info/SOURCES.txt'
reading manifest file '../build/robotique/robotique.egg-info/SOURCES.txt'
writing manifest file '../build/robotique/robotique.egg-info/SOURCES.txt'
running build
running build_py
creating /home/hamza/ros2_ws/src/build/robotique/build
creating /home/hamza/ros2_ws/src/build/robotique/build/lib
creating /home/hamza/ros2_ws/src/build/robotique/build/lib/robotique
copying robotique/subscriber_member_function.py -> /home/hamza/ros2_ws/src/build/robotique/build/lib/robotique
copying robotique/publisher_member_function.py -> /home/hamza/ros2_ws/src/build/robotique/build/lib/robotique
copying robotique/__init__.py -> /home/hamza/ros2_ws/src/build/robotique/build/lib/robotique
running install
running install_lib
creating /home/hamza/ros2_ws/src/install/robotique/lib/python3.8/site-packages/robotique
copying /home/hamza/ros2_ws/src/build/robotique/build/lib/robotique/subscriber_member_function.py -> /home/hamza/ros2_ws/src/install/robotique/lib/python3.8/site-packages/robotique
copying /home/hamza/ros2_ws/src/build/robotique/build/lib/robotique/publisher_member_function.py -> /home/hamza/ros2_ws/src/install/robotique/lib/python3.8/site-packages/robotique
copying /home/hamza/ros2_ws/src/build/robotique/build/lib/robotique/__init__.py -> /home/hamza/ros2_ws/src/install/robotique/lib/python3.8/site-packages/robotique
byte-compiling /home/hamza/ros2_ws/src/install/robotique/lib/python3.8/site-packages/robotique/subscriber_member_function.py to subscriber_member_function.cpython-38.pyc
byte-compiling /home/hamza/ros2_ws/src/install/robotique/lib/python3.8/site-packages/robotique/publisher_member_function.py to publisher_member_function.cpython-38.pyc
byte-compiling /home/hamza/ros2_ws/src/install/robotique/lib/python3.8/site-packages/robotique/__init__.py to __init__.cpython-38.pyc
running install_data
creating /home/hamza/ros2_ws/src/install/robotique/share/ament_index
creating /home/hamza/ros2_ws/src/install/robotique/share/ament_index/resource_index
creating /home/hamza/ros2_ws/src/install/robotique/share/ament_index/resource_index/packages
copying resource/robotique -> /home/hamza/ros2_ws/src/install/robotique/share/ament_index/resource_index/packages
copying package.xml -> /home/hamza/ros2_ws/src/install/robotique/share/robotique
running install_egg_info
Copying ../build/robotique/robotique.egg-info to /home/hamza/ros2_ws/src/install/robotique/lib/python3.8/site-packages/robotique-0.0.0-py3.8.egg-info
running install_scripts
Installing listener script to /home/hamza/ros2_ws/src/install/robotique/lib/robotique
Installing talker script to /home/hamza/ros2_ws/src/install/robotique/lib/robotique
writing list of installed files to '/home/hamza/ros2_ws/src/build/robotique/install.log'
