[1.790s] Invoking command in '/home/hamza/ros2_ws/src/robotique': PYTHONPATH=/home/hamza/ros2_ws/src/build/robotique/prefix_override:/home/hamza/ros2_ws/src/install/robotique/lib/python3.8/site-packages:${PYTHONPATH} /usr/bin/python3 setup.py egg_info --egg-base ../build/robotique build --build-base /home/hamza/ros2_ws/src/build/robotique/build install --record /home/hamza/ros2_ws/src/build/robotique/install.log --install-scripts $base/lib/robotique --single-version-externally-managed
[2.009s] running egg_info
[2.009s] creating ../build/robotique/robotique.egg-info
[2.009s] writing ../build/robotique/robotique.egg-info/PKG-INFO
[2.010s] writing dependency_links to ../build/robotique/robotique.egg-info/dependency_links.txt
[2.010s] writing entry points to ../build/robotique/robotique.egg-info/entry_points.txt
[2.010s] writing requirements to ../build/robotique/robotique.egg-info/requires.txt
[2.010s] writing top-level names to ../build/robotique/robotique.egg-info/top_level.txt
[2.048s] writing manifest file '../build/robotique/robotique.egg-info/SOURCES.txt'
[2.082s] reading manifest file '../build/robotique/robotique.egg-info/SOURCES.txt'
[2.083s] writing manifest file '../build/robotique/robotique.egg-info/SOURCES.txt'
[2.083s] running build
[2.083s] running build_py
[2.083s] creating /home/hamza/ros2_ws/src/build/robotique/build
[2.083s] creating /home/hamza/ros2_ws/src/build/robotique/build/lib
[2.083s] creating /home/hamza/ros2_ws/src/build/robotique/build/lib/robotique
[2.084s] copying robotique/subscriber_member_function.py -> /home/hamza/ros2_ws/src/build/robotique/build/lib/robotique
[2.084s] copying robotique/publisher_member_function.py -> /home/hamza/ros2_ws/src/build/robotique/build/lib/robotique
[2.084s] copying robotique/__init__.py -> /home/hamza/ros2_ws/src/build/robotique/build/lib/robotique
[2.084s] running install
[2.085s] running install_lib
[2.086s] creating /home/hamza/ros2_ws/src/install/robotique/lib/python3.8/site-packages/robotique
[2.086s] copying /home/hamza/ros2_ws/src/build/robotique/build/lib/robotique/subscriber_member_function.py -> /home/hamza/ros2_ws/src/install/robotique/lib/python3.8/site-packages/robotique
[2.086s] copying /home/hamza/ros2_ws/src/build/robotique/build/lib/robotique/publisher_member_function.py -> /home/hamza/ros2_ws/src/install/robotique/lib/python3.8/site-packages/robotique
[2.086s] copying /home/hamza/ros2_ws/src/build/robotique/build/lib/robotique/__init__.py -> /home/hamza/ros2_ws/src/install/robotique/lib/python3.8/site-packages/robotique
[2.086s] byte-compiling /home/hamza/ros2_ws/src/install/robotique/lib/python3.8/site-packages/robotique/subscriber_member_function.py to subscriber_member_function.cpython-38.pyc
[2.088s] byte-compiling /home/hamza/ros2_ws/src/install/robotique/lib/python3.8/site-packages/robotique/publisher_member_function.py to publisher_member_function.cpython-38.pyc
[2.088s] byte-compiling /home/hamza/ros2_ws/src/install/robotique/lib/python3.8/site-packages/robotique/__init__.py to __init__.cpython-38.pyc
[2.088s] running install_data
[2.089s] creating /home/hamza/ros2_ws/src/install/robotique/share/ament_index
[2.089s] creating /home/hamza/ros2_ws/src/install/robotique/share/ament_index/resource_index
[2.089s] creating /home/hamza/ros2_ws/src/install/robotique/share/ament_index/resource_index/packages
[2.089s] copying resource/robotique -> /home/hamza/ros2_ws/src/install/robotique/share/ament_index/resource_index/packages
[2.090s] copying package.xml -> /home/hamza/ros2_ws/src/install/robotique/share/robotique
[2.090s] running install_egg_info
[2.091s] Copying ../build/robotique/robotique.egg-info to /home/hamza/ros2_ws/src/install/robotique/lib/python3.8/site-packages/robotique-0.0.0-py3.8.egg-info
[2.092s] running install_scripts
[2.107s] Installing listener script to /home/hamza/ros2_ws/src/install/robotique/lib/robotique
[2.107s] Installing talker script to /home/hamza/ros2_ws/src/install/robotique/lib/robotique
[2.107s] writing list of installed files to '/home/hamza/ros2_ws/src/build/robotique/install.log'
[2.126s] Invoked command in '/home/hamza/ros2_ws/src/robotique' returned '0': PYTHONPATH=/home/hamza/ros2_ws/src/build/robotique/prefix_override:/home/hamza/ros2_ws/src/install/robotique/lib/python3.8/site-packages:${PYTHONPATH} /usr/bin/python3 setup.py egg_info --egg-base ../build/robotique build --build-base /home/hamza/ros2_ws/src/build/robotique/build install --record /home/hamza/ros2_ws/src/build/robotique/install.log --install-scripts $base/lib/robotique --single-version-externally-managed
